# configure exec: ./configure --prefix=/usr/local/librdkafka-v0.11.3
# On Sun Apr 15 21:25:38 CST 2018
DBG: ccenv: WITH_CC:  --version failed: mklove/modules/configure.base: line 1184: --version: command not found
DBG: Check ccenv (WITH_CC, action cont (originally cont)) failed: command ' --version' failed:
mklove/modules/configure.base: line 1184: --version: command not found
DBG: cxxenv: WITH_CXX:  --version failed: mklove/modules/configure.base: line 1184: --version: command not found
DBG: Check cxxenv (WITH_CXX, action cont (originally cont)) failed: command ' --version' failed:
mklove/modules/configure.base: line 1184: --version: command not found
DBG: Compile check __atomic_32 (HAVE_ATOMICS_32): gcc  -g -O2 -fPIC -Wall -Werror _mkltmpamiBiK.c -o _mkltmpamiBiK.c.o   
DBG: compile check for __atomic_32 (HAVE_ATOMICS_32) failed: gcc  -g -O2 -fPIC -Wall -Werror _mkltmpamiBiK.c -o _mkltmpamiBiK.c.o   : cc1: warnings being treated as errors
_mkltmpamiBiK.c: In function ‘foo’:
_mkltmpamiBiK.c:4: error: implicit declaration of function ‘__atomic_add_fetch’
_mkltmpamiBiK.c:4: error: ‘__ATOMIC_SEQ_CST’ undeclared (first use in this function)
_mkltmpamiBiK.c:4: error: (Each undeclared identifier is reported only once
_mkltmpamiBiK.c:4: error: for each function it appears in.)
DBG: Check __atomic_32 (HAVE_ATOMICS_32, action cont (originally cont)) failed: compile check failed:
CC: CC
flags: 
gcc  -g -O2 -fPIC -Wall -Werror _mkltmpamiBiK.c -o _mkltmpamiBiK.c.o   :
cc1: warnings being treated as errors
_mkltmpamiBiK.c: In function ‘foo’:
_mkltmpamiBiK.c:4: error: implicit declaration of function ‘__atomic_add_fetch’
_mkltmpamiBiK.c:4: error: ‘__ATOMIC_SEQ_CST’ undeclared (first use in this function)
_mkltmpamiBiK.c:4: error: (Each undeclared identifier is reported only once
_mkltmpamiBiK.c:4: error: for each function it appears in.)
source: 
#include <inttypes.h>
int32_t foo (int32_t i) {
  return __atomic_add_fetch(&i, 1, __ATOMIC_SEQ_CST);
}
DBG: Compile check __atomic_32_lib (HAVE_ATOMICS_32): gcc  -g -O2 -fPIC -Wall -Werror _mkltmp4hV9fQ.c -o _mkltmp4hV9fQ.c.o -latomic  
DBG: compile check for __atomic_32_lib (HAVE_ATOMICS_32) failed: gcc  -g -O2 -fPIC -Wall -Werror _mkltmp4hV9fQ.c -o _mkltmp4hV9fQ.c.o -latomic  : cc1: warnings being treated as errors
_mkltmp4hV9fQ.c: In function ‘foo’:
_mkltmp4hV9fQ.c:4: error: implicit declaration of function ‘__atomic_add_fetch’
_mkltmp4hV9fQ.c:4: error: ‘__ATOMIC_SEQ_CST’ undeclared (first use in this function)
_mkltmp4hV9fQ.c:4: error: (Each undeclared identifier is reported only once
_mkltmp4hV9fQ.c:4: error: for each function it appears in.)
DBG: Check __atomic_32_lib (HAVE_ATOMICS_32, action cont (originally cont)) failed: compile check failed:
CC: CC
flags: 
gcc  -g -O2 -fPIC -Wall -Werror _mkltmp4hV9fQ.c -o _mkltmp4hV9fQ.c.o -latomic  :
cc1: warnings being treated as errors
_mkltmp4hV9fQ.c: In function ‘foo’:
_mkltmp4hV9fQ.c:4: error: implicit declaration of function ‘__atomic_add_fetch’
_mkltmp4hV9fQ.c:4: error: ‘__ATOMIC_SEQ_CST’ undeclared (first use in this function)
_mkltmp4hV9fQ.c:4: error: (Each undeclared identifier is reported only once
_mkltmp4hV9fQ.c:4: error: for each function it appears in.)
source: 
#include <inttypes.h>
int32_t foo (int32_t i) {
  return __atomic_add_fetch(&i, 1, __ATOMIC_SEQ_CST);
}
DBG: Compile check __atomic_64 (HAVE_ATOMICS_64): gcc  -g -O2 -fPIC -Wall -Werror _mkltmptrpfhm.c -o _mkltmptrpfhm.c.o   
DBG: compile check for __atomic_64 (HAVE_ATOMICS_64) failed: gcc  -g -O2 -fPIC -Wall -Werror _mkltmptrpfhm.c -o _mkltmptrpfhm.c.o   : cc1: warnings being treated as errors
_mkltmptrpfhm.c: In function ‘foo’:
_mkltmptrpfhm.c:4: error: implicit declaration of function ‘__atomic_add_fetch’
_mkltmptrpfhm.c:4: error: ‘__ATOMIC_SEQ_CST’ undeclared (first use in this function)
_mkltmptrpfhm.c:4: error: (Each undeclared identifier is reported only once
_mkltmptrpfhm.c:4: error: for each function it appears in.)
DBG: Check __atomic_64 (HAVE_ATOMICS_64, action cont (originally cont)) failed: compile check failed:
CC: CC
flags: 
gcc  -g -O2 -fPIC -Wall -Werror _mkltmptrpfhm.c -o _mkltmptrpfhm.c.o   :
cc1: warnings being treated as errors
_mkltmptrpfhm.c: In function ‘foo’:
_mkltmptrpfhm.c:4: error: implicit declaration of function ‘__atomic_add_fetch’
_mkltmptrpfhm.c:4: error: ‘__ATOMIC_SEQ_CST’ undeclared (first use in this function)
_mkltmptrpfhm.c:4: error: (Each undeclared identifier is reported only once
_mkltmptrpfhm.c:4: error: for each function it appears in.)
source: 
#include <inttypes.h>
int64_t foo (int64_t i) {
  return __atomic_add_fetch(&i, 1, __ATOMIC_SEQ_CST);
}
DBG: Compile check __atomic_64_lib (HAVE_ATOMICS_64): gcc  -g -O2 -fPIC -Wall -Werror _mkltmp9tIhyn.c -o _mkltmp9tIhyn.c.o -latomic  
DBG: compile check for __atomic_64_lib (HAVE_ATOMICS_64) failed: gcc  -g -O2 -fPIC -Wall -Werror _mkltmp9tIhyn.c -o _mkltmp9tIhyn.c.o -latomic  : cc1: warnings being treated as errors
_mkltmp9tIhyn.c: In function ‘foo’:
_mkltmp9tIhyn.c:4: error: implicit declaration of function ‘__atomic_add_fetch’
_mkltmp9tIhyn.c:4: error: ‘__ATOMIC_SEQ_CST’ undeclared (first use in this function)
_mkltmp9tIhyn.c:4: error: (Each undeclared identifier is reported only once
_mkltmp9tIhyn.c:4: error: for each function it appears in.)
DBG: Check __atomic_64_lib (HAVE_ATOMICS_64, action cont (originally cont)) failed: compile check failed:
CC: CC
flags: 
gcc  -g -O2 -fPIC -Wall -Werror _mkltmp9tIhyn.c -o _mkltmp9tIhyn.c.o -latomic  :
cc1: warnings being treated as errors
_mkltmp9tIhyn.c: In function ‘foo’:
_mkltmp9tIhyn.c:4: error: implicit declaration of function ‘__atomic_add_fetch’
_mkltmp9tIhyn.c:4: error: ‘__ATOMIC_SEQ_CST’ undeclared (first use in this function)
_mkltmp9tIhyn.c:4: error: (Each undeclared identifier is reported only once
_mkltmp9tIhyn.c:4: error: for each function it appears in.)
source: 
#include <inttypes.h>
int64_t foo (int64_t i) {
  return __atomic_add_fetch(&i, 1, __ATOMIC_SEQ_CST);
}
DBG: pkg-config check libpthread (): pkg-config --short-errors --cflags libpthread
DBG: 'pkg-config --short-errors --cflags libpthread' failed: No package 'libpthread' found
DBG: Check libpthread_PKGCONFIG (, action cont (originally cont)) failed: 'pkg-config --short-errors --cflags libpthread' failed:
No package 'libpthread' found
DBG: pkg-config check zlib (): pkg-config --short-errors --cflags zlib
DBG: pkg-config check libcrypto (): pkg-config --short-errors --cflags libcrypto
DBG: pkg-config check liblz4 (): pkg-config --short-errors --cflags liblz4
DBG: 'pkg-config --short-errors --cflags liblz4' failed: No package 'liblz4' found
DBG: Check liblz4_PKGCONFIG (, action cont (originally cont)) failed: 'pkg-config --short-errors --cflags liblz4' failed:
No package 'liblz4' found
DBG: Compile check liblz4 (WITH_LZ4_EXT): gcc -I/usr/local/include -g -O2 -fPIC -Wall -Wsign-compare -Wfloat-equal -Wpointer-arith -Wcast-align -Wall -Werror _mkltmpjbEibJ.c -o _mkltmpjbEibJ.c.o   -llz4
DBG: compile check for liblz4 (WITH_LZ4_EXT) failed: gcc -I/usr/local/include -g -O2 -fPIC -Wall -Wsign-compare -Wfloat-equal -Wpointer-arith -Wcast-align -Wall -Werror _mkltmpjbEibJ.c -o _mkltmpjbEibJ.c.o   -llz4: _mkltmpjbEibJ.c:1:22: error: lz4frame.h: No such file or directory
DBG: Check liblz4 (WITH_LZ4_EXT, action disable (originally disable)) failed: compile check failed:
CC: CC
flags: -llz4
gcc -I/usr/local/include -g -O2 -fPIC -Wall -Wsign-compare -Wfloat-equal -Wpointer-arith -Wcast-align -Wall -Werror _mkltmpjbEibJ.c -o _mkltmpjbEibJ.c.o   -llz4:
_mkltmpjbEibJ.c:1:22: error: lz4frame.h: No such file or directory
source: #include <lz4frame.h>
DBG: pkg-config check libssl (): pkg-config --short-errors --cflags libssl
DBG: pkg-config check libsasl2 (): pkg-config --short-errors --cflags libsasl2
DBG: 'pkg-config --short-errors --cflags libsasl2' failed: No package 'libsasl2' found
DBG: Check libsasl2_PKGCONFIG (, action cont (originally cont)) failed: 'pkg-config --short-errors --cflags libsasl2' failed:
No package 'libsasl2' found
DBG: Compile check libsasl2 (WITH_SASL_CYRUS): gcc -I/usr/local/include -g -O2 -fPIC -Wall -Wsign-compare -Wfloat-equal -Wpointer-arith -Wcast-align -Wall -Werror _mkltmp6vch0z.c -o _mkltmp6vch0z.c.o   -lsasl2
DBG: compile check for libsasl2 (WITH_SASL_CYRUS) failed: gcc -I/usr/local/include -g -O2 -fPIC -Wall -Wsign-compare -Wfloat-equal -Wpointer-arith -Wcast-align -Wall -Werror _mkltmp6vch0z.c -o _mkltmp6vch0z.c.o   -lsasl2: _mkltmp6vch0z.c:1:23: error: sasl/sasl.h: No such file or directory
DBG: Check libsasl2 (WITH_SASL_CYRUS, action disable (originally disable)) failed: compile check failed:
CC: CC
flags: -lsasl2
gcc -I/usr/local/include -g -O2 -fPIC -Wall -Wsign-compare -Wfloat-equal -Wpointer-arith -Wcast-align -Wall -Werror _mkltmp6vch0z.c -o _mkltmp6vch0z.c.o   -lsasl2:
_mkltmp6vch0z.c:1:23: error: sasl/sasl.h: No such file or directory
source: #include <sasl/sasl.h>
DBG: pkg-config check libsasl (): pkg-config --short-errors --cflags libsasl
DBG: 'pkg-config --short-errors --cflags libsasl' failed: No package 'libsasl' found
DBG: Check libsasl_PKGCONFIG (, action cont (originally cont)) failed: 'pkg-config --short-errors --cflags libsasl' failed:
No package 'libsasl' found
DBG: Compile check libsasl (WITH_SASL_CYRUS): gcc -I/usr/local/include -g -O2 -fPIC -Wall -Wsign-compare -Wfloat-equal -Wpointer-arith -Wcast-align -Wall -Werror _mkltmp5EmGa8.c -o _mkltmp5EmGa8.c.o   -lsasl
DBG: compile check for libsasl (WITH_SASL_CYRUS) failed: gcc -I/usr/local/include -g -O2 -fPIC -Wall -Wsign-compare -Wfloat-equal -Wpointer-arith -Wcast-align -Wall -Werror _mkltmp5EmGa8.c -o _mkltmp5EmGa8.c.o   -lsasl: _mkltmp5EmGa8.c:1:23: error: sasl/sasl.h: No such file or directory
DBG: Check libsasl (WITH_SASL_CYRUS, action disable (originally disable)) failed: compile check failed:
CC: CC
flags: -lsasl
gcc -I/usr/local/include -g -O2 -fPIC -Wall -Wsign-compare -Wfloat-equal -Wpointer-arith -Wcast-align -Wall -Werror _mkltmp5EmGa8.c -o _mkltmp5EmGa8.c.o   -lsasl:
_mkltmp5EmGa8.c:1:23: error: sasl/sasl.h: No such file or directory
source: #include <sasl/sasl.h>
DBG: pkg-config check librt (): pkg-config --short-errors --cflags librt
DBG: 'pkg-config --short-errors --cflags librt' failed: No package 'librt' found
DBG: Check librt_PKGCONFIG (, action cont (originally cont)) failed: 'pkg-config --short-errors --cflags librt' failed:
No package 'librt' found
DBG: pkg-config check libdl (): pkg-config --short-errors --cflags libdl
DBG: 'pkg-config --short-errors --cflags libdl' failed: No package 'libdl' found
DBG: Check libdl_PKGCONFIG (, action cont (originally cont)) failed: 'pkg-config --short-errors --cflags libdl' failed:
No package 'libdl' found
